<?xml version="1.0" encoding="UTF-8"?>
<!-- Generated by org.testng.reporters.JUnitReportReporter -->
<testsuite skipped="0" hostname="DESKTOP-0BUJ7PH" name="selenium.PerformanceTest" tests="204" failures="0" timestamp="28 Jun 2019 04:41:59 GMT" time="9603.977" errors="0">
  <testcase name="testApp" time="8.328" classname="selenium.PerformanceTest"/>
  <testcase name="testApp" time="18.120" classname="selenium.PerformanceTest"/>
  <testcase name="testApp" time="23.346" classname="selenium.PerformanceTest"/>
  <testcase name="testApp" time="11.612" classname="selenium.PerformanceTest"/>
  <testcase name="testApp" time="31.945" classname="selenium.PerformanceTest"/>
  <testcase name="testApp" time="6.784" classname="selenium.PerformanceTest"/>
  <testcase name="testApp" time="38.321" classname="selenium.PerformanceTest"/>
  <testcase name="testApp" time="87.308" classname="selenium.PerformanceTest"/>
  <testcase name="testApp" time="29.076" classname="selenium.PerformanceTest"/>
  <testcase name="testApp" time="41.770" classname="selenium.PerformanceTest"/>
  <testcase name="testApp" time="499.411" classname="selenium.PerformanceTest"/>
  <testcase name="testApp" time="29.875" classname="selenium.PerformanceTest"/>
  <testcase name="testApp" time="63.939" classname="selenium.PerformanceTest"/>
  <testcase name="testApp" time="58.146" classname="selenium.PerformanceTest"/>
  <testcase name="testApp" time="32.130" classname="selenium.PerformanceTest"/>
  <testcase name="testApp" time="39.147" classname="selenium.PerformanceTest"/>
  <testcase name="testApp" time="36.945" classname="selenium.PerformanceTest"/>
  <testcase name="testApp" time="27.455" classname="selenium.PerformanceTest"/>
  <testcase name="testApp" time="63.686" classname="selenium.PerformanceTest"/>
  <testcase name="testApp" time="22.357" classname="selenium.PerformanceTest"/>
  <testcase name="testApp" time="80.486" classname="selenium.PerformanceTest"/>
  <testcase name="testApp" time="59.097" classname="selenium.PerformanceTest"/>
  <testcase name="testApp" time="30.233" classname="selenium.PerformanceTest"/>
  <testcase name="testApp" time="46.987" classname="selenium.PerformanceTest"/>
  <testcase name="testApp" time="17.466" classname="selenium.PerformanceTest"/>
  <testcase name="testApp" time="39.846" classname="selenium.PerformanceTest"/>
  <testcase name="testApp" time="37.326" classname="selenium.PerformanceTest"/>
  <testcase name="testApp" time="27.345" classname="selenium.PerformanceTest"/>
  <testcase name="testApp" time="74.272" classname="selenium.PerformanceTest"/>
  <testcase name="testApp" time="10.609" classname="selenium.PerformanceTest"/>
  <testcase name="testApp" time="27.208" classname="selenium.PerformanceTest"/>
  <testcase name="testApp" time="9.845" classname="selenium.PerformanceTest"/>
  <testcase name="testApp" time="245.725" classname="selenium.PerformanceTest"/>
  <testcase name="testApp" time="80.801" classname="selenium.PerformanceTest"/>
  <testcase name="testApp" time="563.116" classname="selenium.PerformanceTest"/>
  <testcase name="testApp" time="72.282" classname="selenium.PerformanceTest"/>
  <testcase name="testApp" time="47.428" classname="selenium.PerformanceTest"/>
  <testcase name="testApp" time="64.875" classname="selenium.PerformanceTest"/>
  <testcase name="testApp" time="28.571" classname="selenium.PerformanceTest"/>
  <testcase name="testApp" time="37.252" classname="selenium.PerformanceTest"/>
  <testcase name="testApp" time="28.158" classname="selenium.PerformanceTest"/>
  <testcase name="testApp" time="33.821" classname="selenium.PerformanceTest"/>
  <testcase name="testApp" time="45.197" classname="selenium.PerformanceTest"/>
  <testcase name="testApp" time="33.026" classname="selenium.PerformanceTest"/>
  <testcase name="testApp" time="23.787" classname="selenium.PerformanceTest"/>
  <testcase name="testApp" time="29.768" classname="selenium.PerformanceTest"/>
  <testcase name="testApp" time="336.372" classname="selenium.PerformanceTest"/>
  <testcase name="testApp" time="21.160" classname="selenium.PerformanceTest"/>
  <testcase name="testApp" time="21.962" classname="selenium.PerformanceTest"/>
  <testcase name="testApp" time="15.005" classname="selenium.PerformanceTest"/>
  <testcase name="testApp" time="13.319" classname="selenium.PerformanceTest"/>
  <testcase name="testApp" time="46.606" classname="selenium.PerformanceTest"/>
  <testcase name="testApp" time="38.572" classname="selenium.PerformanceTest"/>
  <testcase name="testApp" time="19.360" classname="selenium.PerformanceTest"/>
  <testcase name="testApp" time="121.682" classname="selenium.PerformanceTest"/>
  <testcase name="testApp" time="72.529" classname="selenium.PerformanceTest"/>
  <testcase name="testApp" time="17.303" classname="selenium.PerformanceTest"/>
  <testcase name="testApp" time="10.521" classname="selenium.PerformanceTest"/>
  <testcase name="testApp" time="8.813" classname="selenium.PerformanceTest"/>
  <testcase name="testApp" time="36.022" classname="selenium.PerformanceTest"/>
  <testcase name="testApp" time="25.696" classname="selenium.PerformanceTest"/>
  <testcase name="testApp" time="85.568" classname="selenium.PerformanceTest"/>
  <testcase name="testApp" time="19.587" classname="selenium.PerformanceTest"/>
  <testcase name="testApp" time="10.411" classname="selenium.PerformanceTest"/>
  <testcase name="testApp" time="18.522" classname="selenium.PerformanceTest"/>
  <testcase name="testApp" time="51.934" classname="selenium.PerformanceTest"/>
  <testcase name="testApp" time="16.427" classname="selenium.PerformanceTest"/>
  <testcase name="testApp" time="106.337" classname="selenium.PerformanceTest"/>
  <testcase name="testApp" time="17.596" classname="selenium.PerformanceTest"/>
  <testcase name="testApp" time="9.151" classname="selenium.PerformanceTest"/>
  <testcase name="testApp" time="28.574" classname="selenium.PerformanceTest"/>
  <testcase name="testApp" time="34.197" classname="selenium.PerformanceTest"/>
  <testcase name="testApp" time="64.792" classname="selenium.PerformanceTest"/>
  <testcase name="testApp" time="26.578" classname="selenium.PerformanceTest"/>
  <testcase name="testApp" time="30.801" classname="selenium.PerformanceTest"/>
  <testcase name="testApp" time="16.704" classname="selenium.PerformanceTest"/>
  <testcase name="testApp" time="31.830" classname="selenium.PerformanceTest"/>
  <testcase name="testApp" time="87.784" classname="selenium.PerformanceTest"/>
  <testcase name="testApp" time="6.865" classname="selenium.PerformanceTest"/>
  <testcase name="testApp" time="117.079" classname="selenium.PerformanceTest"/>
  <testcase name="testApp" time="26.904" classname="selenium.PerformanceTest"/>
  <testcase name="testApp" time="29.570" classname="selenium.PerformanceTest"/>
  <testcase name="testApp" time="26.967" classname="selenium.PerformanceTest"/>
  <testcase name="testApp" time="115.880" classname="selenium.PerformanceTest"/>
  <testcase name="testApp" time="38.054" classname="selenium.PerformanceTest"/>
  <testcase name="testApp" time="9.088" classname="selenium.PerformanceTest"/>
  <testcase name="testApp" time="30.792" classname="selenium.PerformanceTest"/>
  <testcase name="testApp" time="33.310" classname="selenium.PerformanceTest"/>
  <testcase name="testApp" time="16.362" classname="selenium.PerformanceTest"/>
  <testcase name="testApp" time="26.351" classname="selenium.PerformanceTest"/>
  <testcase name="testApp" time="14.607" classname="selenium.PerformanceTest"/>
  <testcase name="testApp" time="8.217" classname="selenium.PerformanceTest"/>
  <testcase name="testApp" time="48.174" classname="selenium.PerformanceTest"/>
  <testcase name="testApp" time="36.771" classname="selenium.PerformanceTest"/>
  <testcase name="testApp" time="15.371" classname="selenium.PerformanceTest"/>
  <testcase name="testApp" time="23.431" classname="selenium.PerformanceTest"/>
  <testcase name="testApp" time="24.595" classname="selenium.PerformanceTest"/>
  <testcase name="testApp" time="19.784" classname="selenium.PerformanceTest"/>
  <testcase name="testApp" time="12.655" classname="selenium.PerformanceTest"/>
  <testcase name="testApp" time="30.687" classname="selenium.PerformanceTest"/>
  <testcase name="testApp" time="27.296" classname="selenium.PerformanceTest"/>
  <testcase name="testApp" time="61.026" classname="selenium.PerformanceTest"/>
  <testcase name="testApp" time="21.888" classname="selenium.PerformanceTest"/>
  <testcase name="testApp" time="26.195" classname="selenium.PerformanceTest"/>
  <testcase name="testApp" time="57.954" classname="selenium.PerformanceTest"/>
  <testcase name="testApp" time="32.454" classname="selenium.PerformanceTest"/>
  <testcase name="testApp" time="58.342" classname="selenium.PerformanceTest"/>
  <testcase name="testApp" time="22.824" classname="selenium.PerformanceTest"/>
  <testcase name="testApp" time="14.891" classname="selenium.PerformanceTest"/>
  <testcase name="testApp" time="73.127" classname="selenium.PerformanceTest"/>
  <testcase name="testApp" time="62.703" classname="selenium.PerformanceTest"/>
  <testcase name="testApp" time="109.627" classname="selenium.PerformanceTest"/>
  <testcase name="testApp" time="31.999" classname="selenium.PerformanceTest"/>
  <testcase name="testApp" time="43.538" classname="selenium.PerformanceTest"/>
  <testcase name="testApp" time="29.421" classname="selenium.PerformanceTest"/>
  <testcase name="testApp" time="22.654" classname="selenium.PerformanceTest"/>
  <testcase name="testApp" time="48.715" classname="selenium.PerformanceTest"/>
  <testcase name="testApp" time="40.481" classname="selenium.PerformanceTest"/>
  <testcase name="testApp" time="30.651" classname="selenium.PerformanceTest"/>
  <testcase name="testApp" time="102.151" classname="selenium.PerformanceTest"/>
  <testcase name="testApp" time="13.784" classname="selenium.PerformanceTest"/>
  <testcase name="testApp" time="84.294" classname="selenium.PerformanceTest"/>
  <testcase name="testApp" time="22.775" classname="selenium.PerformanceTest"/>
  <testcase name="testApp" time="52.030" classname="selenium.PerformanceTest"/>
  <testcase name="testApp" time="39.156" classname="selenium.PerformanceTest"/>
  <testcase name="testApp" time="48.561" classname="selenium.PerformanceTest"/>
  <testcase name="testApp" time="34.040" classname="selenium.PerformanceTest"/>
  <testcase name="testApp" time="25.542" classname="selenium.PerformanceTest"/>
  <testcase name="testApp" time="33.219" classname="selenium.PerformanceTest"/>
  <testcase name="testApp" time="33.980" classname="selenium.PerformanceTest"/>
  <testcase name="testApp" time="78.652" classname="selenium.PerformanceTest"/>
  <testcase name="testApp" time="27.978" classname="selenium.PerformanceTest"/>
  <testcase name="testApp" time="67.053" classname="selenium.PerformanceTest"/>
  <testcase name="testApp" time="30.971" classname="selenium.PerformanceTest"/>
  <testcase name="testApp" time="44.483" classname="selenium.PerformanceTest"/>
  <testcase name="testApp" time="97.202" classname="selenium.PerformanceTest"/>
  <testcase name="testApp" time="35.588" classname="selenium.PerformanceTest"/>
  <testcase name="testApp" time="63.657" classname="selenium.PerformanceTest"/>
  <testcase name="testApp" time="43.950" classname="selenium.PerformanceTest"/>
  <testcase name="testApp" time="36.263" classname="selenium.PerformanceTest"/>
  <testcase name="testApp" time="51.682" classname="selenium.PerformanceTest"/>
  <testcase name="testApp" time="11.461" classname="selenium.PerformanceTest"/>
  <testcase name="testApp" time="77.396" classname="selenium.PerformanceTest"/>
  <testcase name="testApp" time="99.939" classname="selenium.PerformanceTest"/>
  <testcase name="testApp" time="15.134" classname="selenium.PerformanceTest"/>
  <testcase name="testApp" time="30.789" classname="selenium.PerformanceTest"/>
  <testcase name="testApp" time="14.347" classname="selenium.PerformanceTest"/>
  <testcase name="testApp" time="18.714" classname="selenium.PerformanceTest"/>
  <testcase name="testApp" time="119.702" classname="selenium.PerformanceTest"/>
  <testcase name="testApp" time="65.857" classname="selenium.PerformanceTest"/>
  <testcase name="testApp" time="69.048" classname="selenium.PerformanceTest"/>
  <testcase name="testApp" time="42.562" classname="selenium.PerformanceTest"/>
  <testcase name="testApp" time="14.826" classname="selenium.PerformanceTest"/>
  <testcase name="testApp" time="17.758" classname="selenium.PerformanceTest"/>
  <testcase name="testApp" time="78.019" classname="selenium.PerformanceTest"/>
  <testcase name="testApp" time="10.130" classname="selenium.PerformanceTest"/>
  <testcase name="testApp" time="104.628" classname="selenium.PerformanceTest"/>
  <testcase name="testApp" time="12.763" classname="selenium.PerformanceTest"/>
  <testcase name="testApp" time="65.232" classname="selenium.PerformanceTest"/>
  <testcase name="testApp" time="32.182" classname="selenium.PerformanceTest"/>
  <testcase name="testApp" time="95.972" classname="selenium.PerformanceTest"/>
  <testcase name="testApp" time="33.832" classname="selenium.PerformanceTest"/>
  <testcase name="testApp" time="8.078" classname="selenium.PerformanceTest"/>
  <testcase name="testApp" time="23.042" classname="selenium.PerformanceTest"/>
  <testcase name="testApp" time="46.879" classname="selenium.PerformanceTest"/>
  <testcase name="testApp" time="16.564" classname="selenium.PerformanceTest"/>
  <testcase name="testApp" time="63.101" classname="selenium.PerformanceTest"/>
  <testcase name="testApp" time="20.632" classname="selenium.PerformanceTest"/>
  <testcase name="testApp" time="51.687" classname="selenium.PerformanceTest"/>
  <testcase name="testApp" time="5.913" classname="selenium.PerformanceTest"/>
  <testcase name="testApp" time="33.516" classname="selenium.PerformanceTest"/>
  <testcase name="testApp" time="25.264" classname="selenium.PerformanceTest"/>
  <testcase name="testApp" time="31.919" classname="selenium.PerformanceTest"/>
  <testcase name="testApp" time="23.205" classname="selenium.PerformanceTest"/>
  <testcase name="testApp" time="21.751" classname="selenium.PerformanceTest"/>
  <testcase name="testApp" time="14.038" classname="selenium.PerformanceTest"/>
  <testcase name="testApp" time="19.125" classname="selenium.PerformanceTest"/>
  <testcase name="testApp" time="33.172" classname="selenium.PerformanceTest"/>
  <testcase name="testApp" time="62.474" classname="selenium.PerformanceTest"/>
  <testcase name="testApp" time="27.572" classname="selenium.PerformanceTest"/>
  <testcase name="testApp" time="30.273" classname="selenium.PerformanceTest"/>
  <testcase name="testApp" time="8.674" classname="selenium.PerformanceTest"/>
  <testcase name="testApp" time="18.716" classname="selenium.PerformanceTest"/>
  <testcase name="testApp" time="36.102" classname="selenium.PerformanceTest"/>
  <testcase name="testApp" time="22.432" classname="selenium.PerformanceTest"/>
  <testcase name="testApp" time="59.737" classname="selenium.PerformanceTest"/>
  <testcase name="testApp" time="45.593" classname="selenium.PerformanceTest"/>
  <testcase name="testApp" time="59.851" classname="selenium.PerformanceTest"/>
  <testcase name="testApp" time="16.781" classname="selenium.PerformanceTest"/>
  <testcase name="testApp" time="29.713" classname="selenium.PerformanceTest"/>
  <testcase name="testApp" time="19.141" classname="selenium.PerformanceTest"/>
  <testcase name="testApp" time="13.033" classname="selenium.PerformanceTest"/>
  <testcase name="testApp" time="11.149" classname="selenium.PerformanceTest"/>
  <testcase name="testApp" time="36.590" classname="selenium.PerformanceTest"/>
  <testcase name="testApp" time="22.393" classname="selenium.PerformanceTest"/>
  <testcase name="testApp" time="93.759" classname="selenium.PerformanceTest"/>
  <testcase name="testApp" time="16.286" classname="selenium.PerformanceTest"/>
  <testcase name="testApp" time="21.935" classname="selenium.PerformanceTest"/>
  <testcase name="testApp" time="323.279" classname="selenium.PerformanceTest"/>
  <testcase name="testApp" time="34.121" classname="selenium.PerformanceTest"/>
  <testcase name="testApp" time="21.632" classname="selenium.PerformanceTest"/>
  <testcase name="testApp" time="29.807" classname="selenium.PerformanceTest"/>
  <testcase name="testApp" time="42.222" classname="selenium.PerformanceTest"/>
  <testcase name="testApp" time="12.281" classname="selenium.PerformanceTest"/>
</testsuite> <!-- selenium.PerformanceTest -->
