<?xml version="1.0" encoding="UTF-8"?>
<!-- Generated by org.testng.reporters.JUnitReportReporter -->
<testsuite skipped="0" hostname="DESKTOP-0BUJ7PH" name="selenium.AppTest" tests="1" failures="0" timestamp="13 Jun 2019 04:00:40 GMT" time="0.006" errors="0">
  <testcase name="testCaseOne" time="0.006" classname="selenium.AppTest"/>
</testsuite> <!-- selenium.AppTest -->
